<?xml version="1.0" encoding="UTF-8"?>
<testsuite name="com.tr.selenium.tests.ContactModificationTests" tests="1" skipped="0" failures="0" errors="0" timestamp="2018-03-09T09:42:04" hostname="Home-PC" time="5.401">
  <properties/>
  <testcase name="modifyContactTest" classname="com.tr.selenium.tests.ContactModificationTests" time="5.401"/>
  <system-out><![CDATA[]]></system-out>
  <system-err><![CDATA[]]></system-err>
</testsuite>
