<?xml version="1.0" encoding="UTF-8"?>
<testsuite name="com.tr.selenium.tests.ContactDeletionTests" tests="1" skipped="0" failures="0" errors="0" timestamp="2018-03-09T09:42:10" hostname="Home-PC" time="60.382">
  <properties/>
  <testcase name="contactDeletionTest" classname="com.tr.selenium.tests.ContactDeletionTests" time="60.382"/>
  <system-out><![CDATA[]]></system-out>
  <system-err><![CDATA[]]></system-err>
</testsuite>
