<?xml version="1.0" encoding="UTF-8"?>
<testsuite name="com.tr.selenium.tests.ContactCreationTests" tests="1" skipped="0" failures="0" errors="0" timestamp="2018-03-09T09:40:59" hostname="Home-PC" time="65.722">
  <properties/>
  <testcase name="contactCreationTest" classname="com.tr.selenium.tests.ContactCreationTests" time="65.722"/>
  <system-out><![CDATA[]]></system-out>
  <system-err><![CDATA[]]></system-err>
</testsuite>
