<?xml version="1.0" encoding="UTF-8"?>
<testsuite name="com.tr.selenium.tests.GroupDeletionTests" tests="1" skipped="0" failures="0" errors="0" timestamp="2018-03-13T17:08:24" hostname="Home-PC" time="0.933">
  <properties/>
  <testcase name="groupDeletionTest" classname="com.tr.selenium.tests.GroupDeletionTests" time="0.933"/>
  <system-out><![CDATA[]]></system-out>
  <system-err><![CDATA[]]></system-err>
</testsuite>
